<?xml version="1.0" encoding="UTF-8"?>
<!-- Generated by org.testng.reporters.JUnitReportReporter -->
<testsuite skipped="0" hostname="ATMECSINLT-085" name="org.atmecs.practo.testscripts.PractoHomepage" tests="1" failures="0" timestamp="13 Sep 2019 14:41:05 GMT" time="25.259" errors="0">
  <testcase name="practoHome" time="25.259" classname="org.atmecs.practo.testscripts.PractoHomepage"/>
</testsuite> <!-- org.atmecs.practo.testscripts.PractoHomepage -->
